1680989525.144634 client started (1429285): version 3.0a, socket /tmp/tmux-1001/my-tmux, protocol 8
1680989525.144667 on Linux 5.15.0-69-generic #76~20.04.1-Ubuntu SMP Mon Mar 20 15:54:19 UTC 2023; libevent 2.1.11-stable (poll)
1680989525.144688 socket is /tmp/tmux-1001/my-tmux
1680989525.144702 trying connect
1680989525.144726 connect failed: No such file or directory
1680989525.144739 lock file is /tmp/tmux-1001/my-tmux.lock
1680989525.144769 flock succeeded
1680989525.144774 got lock (6)
1680989525.144782 trying connect
1680989525.144791 connect failed: No such file or directory
1680989525.145011 add peer 0x56227ea6a410: 7 ((nil))
1680989525.145157 sending message 100 to peer 0x56227ea6a410 (4 bytes)
1680989525.145166 sending message 101 to peer 0x56227ea6a410 (15 bytes)
1680989525.145173 sending message 102 to peer 0x56227ea6a410 (12 bytes)
1680989525.145178 sending message 108 to peer 0x56227ea6a410 (27 bytes)
1680989525.145184 sending message 104 to peer 0x56227ea6a410 (0 bytes)
1680989525.145191 sending message 107 to peer 0x56227ea6a410 (4 bytes)
1680989525.145197 sending message 105 to peer 0x56227ea6a410 (20 bytes)
1680989525.145203 sending message 105 to peer 0x56227ea6a410 (41 bytes)
1680989525.145208 sending message 105 to peer 0x56227ea6a410 (94 bytes)
1680989525.145214 sending message 105 to peer 0x56227ea6a410 (86 bytes)
1680989525.145220 sending message 105 to peer 0x56227ea6a410 (19 bytes)
1680989525.145225 sending message 105 to peer 0x56227ea6a410 (33 bytes)
1680989525.145255 sending message 105 to peer 0x56227ea6a410 (17 bytes)
1680989525.145264 sending message 105 to peer 0x56227ea6a410 (30 bytes)
1680989525.145270 sending message 105 to peer 0x56227ea6a410 (51 bytes)
1680989525.145277 sending message 105 to peer 0x56227ea6a410 (23 bytes)
1680989525.145282 sending message 105 to peer 0x56227ea6a410 (20 bytes)
1680989525.145288 sending message 105 to peer 0x56227ea6a410 (18 bytes)
1680989525.145294 sending message 105 to peer 0x56227ea6a410 (52 bytes)
1680989525.145300 sending message 105 to peer 0x56227ea6a410 (16 bytes)
1680989525.145305 sending message 105 to peer 0x56227ea6a410 (23 bytes)
1680989525.145311 sending message 105 to peer 0x56227ea6a410 (23 bytes)
1680989525.145317 sending message 105 to peer 0x56227ea6a410 (27 bytes)
1680989525.145322 sending message 105 to peer 0x56227ea6a410 (31 bytes)
1680989525.145328 sending message 105 to peer 0x56227ea6a410 (22 bytes)
1680989525.145334 sending message 105 to peer 0x56227ea6a410 (17 bytes)
1680989525.145340 sending message 105 to peer 0x56227ea6a410 (92 bytes)
1680989525.145346 sending message 105 to peer 0x56227ea6a410 (23 bytes)
1680989525.145352 sending message 105 to peer 0x56227ea6a410 (16 bytes)
1680989525.145358 sending message 105 to peer 0x56227ea6a410 (85 bytes)
1680989525.145363 sending message 105 to peer 0x56227ea6a410 (13 bytes)
1680989525.145369 sending message 105 to peer 0x56227ea6a410 (27 bytes)
1680989525.145375 sending message 105 to peer 0x56227ea6a410 (23 bytes)
1680989525.145380 sending message 105 to peer 0x56227ea6a410 (19 bytes)
1680989525.145386 sending message 105 to peer 0x56227ea6a410 (44 bytes)
1680989525.145392 sending message 105 to peer 0x56227ea6a410 (16 bytes)
1680989525.145398 sending message 105 to peer 0x56227ea6a410 (20 bytes)
1680989525.145405 sending message 105 to peer 0x56227ea6a410 (54 bytes)
1680989525.145410 sending message 105 to peer 0x56227ea6a410 (28 bytes)
1680989525.145416 sending message 105 to peer 0x56227ea6a410 (31 bytes)
1680989525.145422 sending message 105 to peer 0x56227ea6a410 (21 bytes)
1680989525.145427 sending message 105 to peer 0x56227ea6a410 (19 bytes)
1680989525.145433 sending message 105 to peer 0x56227ea6a410 (32 bytes)
1680989525.145439 sending message 105 to peer 0x56227ea6a410 (31 bytes)
1680989525.145444 sending message 105 to peer 0x56227ea6a410 (20 bytes)
1680989525.145450 sending message 105 to peer 0x56227ea6a410 (19 bytes)
1680989525.145455 sending message 105 to peer 0x56227ea6a410 (30 bytes)
1680989525.145461 sending message 105 to peer 0x56227ea6a410 (24 bytes)
1680989525.145467 sending message 105 to peer 0x56227ea6a410 (25 bytes)
1680989525.145483 sending message 105 to peer 0x56227ea6a410 (20 bytes)
1680989525.145489 sending message 105 to peer 0x56227ea6a410 (45 bytes)
1680989525.145495 sending message 105 to peer 0x56227ea6a410 (921 bytes)
1680989525.145501 sending message 105 to peer 0x56227ea6a410 (47 bytes)
1680989525.145508 sending message 105 to peer 0x56227ea6a410 (8 bytes)
1680989525.145514 sending message 105 to peer 0x56227ea6a410 (41 bytes)
1680989525.145520 sending message 105 to peer 0x56227ea6a410 (21 bytes)
1680989525.145527 sending message 105 to peer 0x56227ea6a410 (88 bytes)
1680989525.145537 sending message 105 to peer 0x56227ea6a410 (11 bytes)
1680989525.145546 sending message 105 to peer 0x56227ea6a410 (20 bytes)
1680989525.145554 sending message 105 to peer 0x56227ea6a410 (18 bytes)
1680989525.145563 sending message 105 to peer 0x56227ea6a410 (18 bytes)
1680989525.145573 sending message 105 to peer 0x56227ea6a410 (23 bytes)
1680989525.145584 sending message 105 to peer 0x56227ea6a410 (34 bytes)
1680989525.145593 sending message 105 to peer 0x56227ea6a410 (32 bytes)
1680989525.145604 sending message 105 to peer 0x56227ea6a410 (11 bytes)
1680989525.145614 sending message 105 to peer 0x56227ea6a410 (8 bytes)
1680989525.145624 sending message 105 to peer 0x56227ea6a410 (32 bytes)
1680989525.145635 sending message 105 to peer 0x56227ea6a410 (1506 bytes)
1680989525.145652 sending message 105 to peer 0x56227ea6a410 (10 bytes)
1680989525.145663 sending message 105 to peer 0x56227ea6a410 (41 bytes)
1680989525.145673 sending message 105 to peer 0x56227ea6a410 (62 bytes)
1680989525.145682 sending message 105 to peer 0x56227ea6a410 (32 bytes)
1680989525.145694 sending message 105 to peer 0x56227ea6a410 (41 bytes)
1680989525.145703 sending message 105 to peer 0x56227ea6a410 (12 bytes)
1680989525.145713 sending message 105 to peer 0x56227ea6a410 (15 bytes)
1680989525.145723 sending message 105 to peer 0x56227ea6a410 (32 bytes)
1680989525.145733 sending message 105 to peer 0x56227ea6a410 (27 bytes)
1680989525.145743 sending message 105 to peer 0x56227ea6a410 (42 bytes)
1680989525.145753 sending message 105 to peer 0x56227ea6a410 (32 bytes)
1680989525.145761 sending message 105 to peer 0x56227ea6a410 (51 bytes)
1680989525.145767 sending message 105 to peer 0x56227ea6a410 (16 bytes)
1680989525.145773 sending message 105 to peer 0x56227ea6a410 (48 bytes)
1680989525.145779 sending message 105 to peer 0x56227ea6a410 (35 bytes)
1680989525.145785 sending message 105 to peer 0x56227ea6a410 (36 bytes)
1680989525.145791 sending message 105 to peer 0x56227ea6a410 (35 bytes)
1680989525.145797 sending message 105 to peer 0x56227ea6a410 (36 bytes)
1680989525.145803 sending message 105 to peer 0x56227ea6a410 (36 bytes)
1680989525.145809 sending message 105 to peer 0x56227ea6a410 (32 bytes)
1680989525.145815 sending message 105 to peer 0x56227ea6a410 (43 bytes)
1680989525.145821 sending message 105 to peer 0x56227ea6a410 (30 bytes)
1680989525.145827 sending message 105 to peer 0x56227ea6a410 (16 bytes)
1680989525.145835 sending message 105 to peer 0x56227ea6a410 (57 bytes)
1680989525.145841 sending message 105 to peer 0x56227ea6a410 (66 bytes)
1680989525.145847 sending message 105 to peer 0x56227ea6a410 (12 bytes)
1680989525.145853 sending message 105 to peer 0x56227ea6a410 (21 bytes)
1680989525.145859 sending message 106 to peer 0x56227ea6a410 (0 bytes)
1680989525.145867 cmd_pack_argv: argv[0]=new-session
1680989525.145872 cmd_pack_argv: argv[1]=-n
1680989525.145878 cmd_pack_argv: argv[2]=my-tmux-session
1680989525.145884 cmd_pack_argv: argv[3]=bash -l
1680989525.145890 sending message 200 to peer 0x56227ea6a410 (43 bytes)
1680989525.145896 client loop enter
1680989525.178604 peer 0x56227ea6a410 message 207
1680989525.178613 sending message 208 to peer 0x56227ea6a410 (0 bytes)
1680989531.919658 peer 0x56227ea6a410 message 203
1680989531.919678 sending message 205 to peer 0x56227ea6a410 (0 bytes)
1680989531.920019 peer 0x56227ea6a410 message 204
1680989531.920045 client loop exit
